<testng-results>
  <reporter-output>
  </reporter-output>
  <suite name="Command line suite">
    <groups>
    </groups>
    <test name="Command line test">
      <class name="com.smart.dao.BoardDaoTest">
        <test-method status="PASS" signature="unitilsAfterTestTearDown(java.lang.reflect.Method)" name="unitilsAfterTestTearDown" is-config="true" duration-ms="7" started-at="2018-12-10T21:16:11Z" finished-at="2018-12-10T21:16:11Z">
          <params>
            <param index="0">
              <value>
                <![CDATA[public void com.smart.dao.BoardDaoTest.addBoard() throws java.lang.Exception]]>
              </value>
            </param>
          </params>
        </test-method>
        <test-method status="PASS" signature="unitilsBeforeTestSetUp(java.lang.reflect.Method)" name="unitilsBeforeTestSetUp" is-config="true" duration-ms="344" started-at="2018-12-10T21:16:11Z" finished-at="2018-12-10T21:16:11Z">
          <params>
            <param index="0">
              <value>
                <![CDATA[public void com.smart.dao.BoardDaoTest.removeBoard()]]>
              </value>
            </param>
          </params>
        </test-method>
        <test-method status="FAIL" signature="getBoard()" name="getBoard" duration-ms="6" started-at="2018-12-10T21:16:11Z" finished-at="2018-12-10T21:16:11Z">
          <exception class="org.hibernate.ObjectNotFoundException">
            <message>
              <![CDATA[No row with the given identifier exists: [com.smart.domain.Board#1]]]>
            </message>
            <full-stacktrace>
              <![CDATA[org.hibernate.ObjectNotFoundException: No row with the given identifier exists: [com.smart.domain.Board#1]
	at org.hibernate.internal.SessionFactoryImpl$1$1.handleEntityNotFound(SessionFactoryImpl.java:244)
	at org.hibernate.proxy.AbstractLazyInitializer.checkTargetState(AbstractLazyInitializer.java:261)
	at org.hibernate.proxy.AbstractLazyInitializer.initialize(AbstractLazyInitializer.java:175)
	at org.hibernate.proxy.AbstractLazyInitializer.getImplementation(AbstractLazyInitializer.java:285)
	at org.hibernate.proxy.pojo.javassist.JavassistLazyInitializer.invoke(JavassistLazyInitializer.java:185)
	at com.smart.domain.Board_$$_javassist_0.getBoardName(Board_$$_javassist_0.java)
	at com.smart.dao.BoardDaoTest.getBoard(BoardDaoTest.java:58)
	at sun.reflect.NativeMethodAccessorImpl.invoke0(Native Method)
	at sun.reflect.NativeMethodAccessorImpl.invoke(NativeMethodAccessorImpl.java:62)
	at sun.reflect.DelegatingMethodAccessorImpl.invoke(DelegatingMethodAccessorImpl.java:43)
	at java.lang.reflect.Method.invoke(Method.java:498)
	at org.testng.internal.MethodHelper.invokeMethod(MethodHelper.java:580)
	at org.testng.internal.MethodHelper$1.runTestMethod(MethodHelper.java:698)
	at org.unitils.UnitilsTestNG.run(UnitilsTestNG.java:103)
	at sun.reflect.NativeMethodAccessorImpl.invoke0(Native Method)
	at sun.reflect.NativeMethodAccessorImpl.invoke(NativeMethodAccessorImpl.java:62)
	at sun.reflect.DelegatingMethodAccessorImpl.invoke(DelegatingMethodAccessorImpl.java:43)
	at java.lang.reflect.Method.invoke(Method.java:498)
	at org.testng.internal.MethodHelper.invokeHookable(MethodHelper.java:706)
	at org.testng.internal.Invoker.invokeMethod(Invoker.java:468)
	at org.testng.internal.Invoker.invokeTestMethod(Invoker.java:617)
	at org.testng.internal.Invoker.invokeTestMethods(Invoker.java:885)
	at org.testng.internal.TestMethodWorker.invokeTestMethods(TestMethodWorker.java:126)
	at org.testng.internal.TestMethodWorker.run(TestMethodWorker.java:110)
	at org.testng.TestRunner.runWorkers(TestRunner.java:712)
	at org.testng.TestRunner.privateRun(TestRunner.java:582)
	at org.testng.TestRunner.run(TestRunner.java:477)
	at org.testng.SuiteRunner.runTest(SuiteRunner.java:324)
	at org.testng.SuiteRunner.runSequentially(SuiteRunner.java:319)
	at org.testng.SuiteRunner.privateRun(SuiteRunner.java:292)
	at org.testng.SuiteRunner.run(SuiteRunner.java:198)
	at org.testng.TestNG.createAndRunSuiteRunners(TestNG.java:821)
	at org.testng.TestNG.runSuitesLocally(TestNG.java:788)
	at org.testng.TestNG.run(TestNG.java:708)
	at org.apache.maven.surefire.testng.TestNGExecutor.run(TestNGExecutor.java:60)
	at org.apache.maven.surefire.testng.TestNGDirectoryTestSuite.executeMulti(TestNGDirectoryTestSuite.java:153)
	at org.apache.maven.surefire.testng.TestNGDirectoryTestSuite.execute(TestNGDirectoryTestSuite.java:99)
	at org.apache.maven.surefire.testng.TestNGProvider.invoke(TestNGProvider.java:111)
	at sun.reflect.NativeMethodAccessorImpl.invoke0(Native Method)
	at sun.reflect.NativeMethodAccessorImpl.invoke(NativeMethodAccessorImpl.java:62)
	at sun.reflect.DelegatingMethodAccessorImpl.invoke(DelegatingMethodAccessorImpl.java:43)
	at java.lang.reflect.Method.invoke(Method.java:498)
	at org.apache.maven.surefire.booter.ProviderFactory$ClassLoaderProxy.invoke(ProviderFactory.java:103)
	at com.sun.proxy.$Proxy0.invoke(Unknown Source)
	at org.apache.maven.surefire.booter.SurefireStarter.invokeProvider(SurefireStarter.java:150)
	at org.apache.maven.surefire.booter.SurefireStarter.runSuitesInProcess(SurefireStarter.java:91)
	at org.apache.maven.surefire.booter.ForkedBooter.main(ForkedBooter.java:69)
]]>
            </full-stacktrace>
          </exception>
        </test-method>
        <test-method status="PASS" signature="unitilsBeforeTestSetUp(java.lang.reflect.Method)" name="unitilsBeforeTestSetUp" is-config="true" duration-ms="333" started-at="2018-12-10T21:16:11Z" finished-at="2018-12-10T21:16:11Z">
          <params>
            <param index="0">
              <value>
                <![CDATA[public void com.smart.dao.BoardDaoTest.getBoard()]]>
              </value>
            </param>
          </params>
        </test-method>
        <test-method status="PASS" signature="unitilsBeforeTestSetUp(java.lang.reflect.Method)" name="unitilsBeforeTestSetUp" is-config="true" duration-ms="2595" started-at="2018-12-10T21:16:08Z" finished-at="2018-12-10T21:16:10Z">
          <params>
            <param index="0">
              <value>
                <![CDATA[public void com.smart.dao.BoardDaoTest.addBoard() throws java.lang.Exception]]>
              </value>
            </param>
          </params>
        </test-method>
        <test-method status="PASS" signature="addBoard()" name="addBoard" duration-ms="368" started-at="2018-12-10T21:16:10Z" finished-at="2018-12-10T21:16:11Z">
        </test-method>
        <test-method status="PASS" signature="unitilsAfterTestTearDown(java.lang.reflect.Method)" name="unitilsAfterTestTearDown" is-config="true" duration-ms="3" started-at="2018-12-10T21:16:11Z" finished-at="2018-12-10T21:16:11Z">
          <params>
            <param index="0">
              <value>
                <![CDATA[public void com.smart.dao.BoardDaoTest.getBoard()]]>
              </value>
            </param>
          </params>
        </test-method>
        <test-method status="FAIL" signature="removeBoard()" name="removeBoard" duration-ms="11" started-at="2018-12-10T21:16:11Z" finished-at="2018-12-10T21:16:11Z">
          <exception class="java.lang.IllegalArgumentException">
            <message>
              <![CDATA[attempt to create delete event with null entity]]>
            </message>
            <full-stacktrace>
              <![CDATA[java.lang.IllegalArgumentException: attempt to create delete event with null entity
	at org.hibernate.event.spi.DeleteEvent.&lt;init&gt;(DeleteEvent.java:45)
	at org.hibernate.internal.SessionImpl.delete(SessionImpl.java:935)
	at org.springframework.orm.hibernate4.HibernateTemplate$24.doInHibernate(HibernateTemplate.java:794)
	at org.springframework.orm.hibernate4.HibernateTemplate.doExecute(HibernateTemplate.java:341)
	at org.springframework.orm.hibernate4.HibernateTemplate.executeWithNativeSession(HibernateTemplate.java:309)
	at org.springframework.orm.hibernate4.HibernateTemplate.delete(HibernateTemplate.java:787)
	at org.springframework.orm.hibernate4.HibernateTemplate.delete(HibernateTemplate.java:782)
	at com.smart.dao.BaseDao.remove(BaseDao.java:55)
	at com.smart.dao.BoardDaoTest.removeBoard(BoardDaoTest.java:50)
	at sun.reflect.NativeMethodAccessorImpl.invoke0(Native Method)
	at sun.reflect.NativeMethodAccessorImpl.invoke(NativeMethodAccessorImpl.java:62)
	at sun.reflect.DelegatingMethodAccessorImpl.invoke(DelegatingMethodAccessorImpl.java:43)
	at java.lang.reflect.Method.invoke(Method.java:498)
	at org.testng.internal.MethodHelper.invokeMethod(MethodHelper.java:580)
	at org.testng.internal.MethodHelper$1.runTestMethod(MethodHelper.java:698)
	at org.unitils.UnitilsTestNG.run(UnitilsTestNG.java:103)
	at sun.reflect.NativeMethodAccessorImpl.invoke0(Native Method)
	at sun.reflect.NativeMethodAccessorImpl.invoke(NativeMethodAccessorImpl.java:62)
	at sun.reflect.DelegatingMethodAccessorImpl.invoke(DelegatingMethodAccessorImpl.java:43)
	at java.lang.reflect.Method.invoke(Method.java:498)
	at org.testng.internal.MethodHelper.invokeHookable(MethodHelper.java:706)
	at org.testng.internal.Invoker.invokeMethod(Invoker.java:468)
	at org.testng.internal.Invoker.invokeTestMethod(Invoker.java:617)
	at org.testng.internal.Invoker.invokeTestMethods(Invoker.java:885)
	at org.testng.internal.TestMethodWorker.invokeTestMethods(TestMethodWorker.java:126)
	at org.testng.internal.TestMethodWorker.run(TestMethodWorker.java:110)
	at org.testng.TestRunner.runWorkers(TestRunner.java:712)
	at org.testng.TestRunner.privateRun(TestRunner.java:582)
	at org.testng.TestRunner.run(TestRunner.java:477)
	at org.testng.SuiteRunner.runTest(SuiteRunner.java:324)
	at org.testng.SuiteRunner.runSequentially(SuiteRunner.java:319)
	at org.testng.SuiteRunner.privateRun(SuiteRunner.java:292)
	at org.testng.SuiteRunner.run(SuiteRunner.java:198)
	at org.testng.TestNG.createAndRunSuiteRunners(TestNG.java:821)
	at org.testng.TestNG.runSuitesLocally(TestNG.java:788)
	at org.testng.TestNG.run(TestNG.java:708)
	at org.apache.maven.surefire.testng.TestNGExecutor.run(TestNGExecutor.java:60)
	at org.apache.maven.surefire.testng.TestNGDirectoryTestSuite.executeMulti(TestNGDirectoryTestSuite.java:153)
	at org.apache.maven.surefire.testng.TestNGDirectoryTestSuite.execute(TestNGDirectoryTestSuite.java:99)
	at org.apache.maven.surefire.testng.TestNGProvider.invoke(TestNGProvider.java:111)
	at sun.reflect.NativeMethodAccessorImpl.invoke0(Native Method)
	at sun.reflect.NativeMethodAccessorImpl.invoke(NativeMethodAccessorImpl.java:62)
	at sun.reflect.DelegatingMethodAccessorImpl.invoke(DelegatingMethodAccessorImpl.java:43)
	at java.lang.reflect.Method.invoke(Method.java:498)
	at org.apache.maven.surefire.booter.ProviderFactory$ClassLoaderProxy.invoke(ProviderFactory.java:103)
	at com.sun.proxy.$Proxy0.invoke(Unknown Source)
	at org.apache.maven.surefire.booter.SurefireStarter.invokeProvider(SurefireStarter.java:150)
	at org.apache.maven.surefire.booter.SurefireStarter.runSuitesInProcess(SurefireStarter.java:91)
	at org.apache.maven.surefire.booter.ForkedBooter.main(ForkedBooter.java:69)
]]>
            </full-stacktrace>
          </exception>
        </test-method>
        <test-method status="PASS" signature="unitilsBeforeClass()" name="unitilsBeforeClass" is-config="true" duration-ms="172" started-at="2018-12-10T21:16:08Z" finished-at="2018-12-10T21:16:08Z">
        </test-method>
        <test-method status="PASS" signature="unitilsAfterTestTearDown(java.lang.reflect.Method)" name="unitilsAfterTestTearDown" is-config="true" duration-ms="2" started-at="2018-12-10T21:16:11Z" finished-at="2018-12-10T21:16:11Z">
          <params>
            <param index="0">
              <value>
                <![CDATA[public void com.smart.dao.BoardDaoTest.removeBoard()]]>
              </value>
            </param>
          </params>
        </test-method>
      </class>
    </test>
  </suite>
</testng-results>
